<?xml version="1.0" encoding="UTF-8"?>
<!-- Generated by org.testng.reporters.JUnitReportReporter -->
<testsuite hostname="DESKTOP-KLP0JQS" failures="0" tests="1" name="RunGraficaTest.RunGraficasTest" time="117.527" errors="0" timestamp="2023-12-29T11:48:46 CET" skipped="0">
  <testcase classname="RunGraficaTest.RunGraficasTest" name="runScenario" time="117.527"/>
</testsuite> <!-- RunGraficaTest.RunGraficasTest -->
